2025-11-26 20:47:48,583 - --- Запуск програми ---
2025-11-26 20:47:48,583 - Створення файлу конфігурації: orm_config.yaml
2025-11-26 20:47:48,584 - Читання файлу: orm_config.yaml
2025-11-26 20:47:48,591 - Ініціалізація таблиці (файлу) для User
2025-11-26 20:47:48,594 - Читання файлу: students.yaml
2025-11-26 20:47:48,595 - Запис у файл: students.yaml
2025-11-26 20:47:48,596 - Читання файлу: students.yaml
2025-11-26 20:47:48,603 - Запис у файл: students.yaml
2025-11-26 20:47:48,604 - Читання файлу: students.yaml
2025-11-26 20:47:48,610 - Запис у файл: students.yaml
2025-11-26 20:47:48,611 - Читання файлу: students.yaml
2025-11-26 20:47:48,617 - Запис у файл: students.yaml
2025-11-26 20:47:48,618 - Читання файлу: students.yaml
2025-11-26 20:47:48,624 - Запис у файл: students.yaml
2025-11-26 20:47:48,624 - Читання файлу: students.yaml
2025-11-26 20:47:48,632 - Запис результатів у result.yaml
2025-11-26 20:47:48,632 - Запис у файл: result.yaml
2025-11-26 20:47:48,633 - --- Завершення програми ---
2025-11-26 20:54:59,344 - --- Запуск програми ---
2025-11-26 20:54:59,344 - Читання файлу: orm_config.yaml
2025-11-26 20:54:59,344 - Читання файлу: orm_config.yaml
2025-11-26 20:54:59,345 - Ініціалізація таблиці (файлу) для User
2025-11-26 20:54:59,347 - Читання файлу: students.yaml
2025-11-26 20:54:59,347 - Читання файлу: students.yaml
2025-11-26 20:54:59,348 - Запис у файл: students.yaml
2025-11-26 20:54:59,348 - Запис у файл: students.yaml
2025-11-26 20:54:59,349 - Читання файлу: students.yaml
2025-11-26 20:54:59,349 - Читання файлу: students.yaml
2025-11-26 20:54:59,357 - Запис у файл: students.yaml
2025-11-26 20:54:59,357 - Запис у файл: students.yaml
2025-11-26 20:54:59,357 - Читання файлу: students.yaml
2025-11-26 20:54:59,357 - Читання файлу: students.yaml
2025-11-26 20:54:59,364 - Запис у файл: students.yaml
2025-11-26 20:54:59,364 - Запис у файл: students.yaml
2025-11-26 20:54:59,365 - Читання файлу: students.yaml
2025-11-26 20:54:59,365 - Читання файлу: students.yaml
2025-11-26 20:54:59,371 - Запис у файл: students.yaml
2025-11-26 20:54:59,371 - Запис у файл: students.yaml
2025-11-26 20:54:59,372 - Читання файлу: students.yaml
2025-11-26 20:54:59,372 - Читання файлу: students.yaml
2025-11-26 20:54:59,378 - Запис у файл: students.yaml
2025-11-26 20:54:59,378 - Запис у файл: students.yaml
2025-11-26 20:54:59,378 - Читання файлу: students.yaml
2025-11-26 20:54:59,378 - Читання файлу: students.yaml
2025-11-26 20:54:59,384 - Запис результатів у result.yaml
2025-11-26 20:54:59,384 - Запис у файл: result.yaml
2025-11-26 20:54:59,384 - Запис у файл: result.yaml
2025-11-26 20:54:59,385 - --- Завершення програми ---
2025-11-26 20:55:38,040 - --- Запуск програми ---
2025-11-26 20:55:38,040 - Читання файлу: orm_config.yaml
2025-11-26 20:55:38,040 - Читання файлу: orm_config.yaml
2025-11-26 20:55:38,040 - Ініціалізація таблиці (файлу) для User
2025-11-26 20:55:38,042 - Читання файлу: students.yaml
2025-11-26 20:55:38,042 - Читання файлу: students.yaml
2025-11-26 20:55:38,043 - Запис у файл: students.yaml
2025-11-26 20:55:38,043 - Запис у файл: students.yaml
2025-11-26 20:55:38,044 - Читання файлу: students.yaml
2025-11-26 20:55:38,044 - Читання файлу: students.yaml
2025-11-26 20:55:38,052 - Запис у файл: students.yaml
2025-11-26 20:55:38,052 - Запис у файл: students.yaml
2025-11-26 20:55:38,053 - Читання файлу: students.yaml
2025-11-26 20:55:38,053 - Читання файлу: students.yaml
2025-11-26 20:55:38,060 - Запис у файл: students.yaml
2025-11-26 20:55:38,060 - Запис у файл: students.yaml
2025-11-26 20:55:38,061 - Читання файлу: students.yaml
2025-11-26 20:55:38,061 - Читання файлу: students.yaml
2025-11-26 20:55:38,068 - Запис у файл: students.yaml
2025-11-26 20:55:38,068 - Запис у файл: students.yaml
2025-11-26 20:55:38,069 - Читання файлу: students.yaml
2025-11-26 20:55:38,069 - Читання файлу: students.yaml
2025-11-26 20:55:38,076 - Запис у файл: students.yaml
2025-11-26 20:55:38,076 - Запис у файл: students.yaml
2025-11-26 20:55:38,077 - Читання файлу: students.yaml
2025-11-26 20:55:38,077 - Читання файлу: students.yaml
2025-11-26 20:55:38,084 - Запис результатів у result.yaml
2025-11-26 20:55:38,084 - Запис у файл: result.yaml
2025-11-26 20:55:38,084 - Запис у файл: result.yaml
2025-11-26 20:55:38,084 - --- Завершення програми ---
2025-11-26 20:57:09,921 - --- Запуск програми ---
2025-11-26 20:57:09,921 - Читання файлу: orm_config.yaml
2025-11-26 20:57:09,921 - Читання файлу: orm_config.yaml
2025-11-26 20:57:09,921 - Ініціалізація таблиці (файлу) для User
2025-11-26 20:57:09,923 - Читання файлу: students.yaml
2025-11-26 20:57:09,923 - Читання файлу: students.yaml
2025-11-26 20:57:09,924 - Запис у файл: students.yaml
2025-11-26 20:57:09,924 - Запис у файл: students.yaml
2025-11-26 20:57:09,925 - Читання файлу: students.yaml
2025-11-26 20:57:09,925 - Читання файлу: students.yaml
2025-11-26 20:57:09,933 - Запис у файл: students.yaml
2025-11-26 20:57:09,933 - Запис у файл: students.yaml
2025-11-26 20:57:09,934 - Читання файлу: students.yaml
2025-11-26 20:57:09,934 - Читання файлу: students.yaml
2025-11-26 20:57:09,941 - Запис у файл: students.yaml
2025-11-26 20:57:09,941 - Запис у файл: students.yaml
2025-11-26 20:57:09,941 - Читання файлу: students.yaml
2025-11-26 20:57:09,941 - Читання файлу: students.yaml
2025-11-26 20:57:09,949 - Запис у файл: students.yaml
2025-11-26 20:57:09,949 - Запис у файл: students.yaml
2025-11-26 20:57:09,950 - Читання файлу: students.yaml
2025-11-26 20:57:09,950 - Читання файлу: students.yaml
2025-11-26 20:57:09,957 - Запис у файл: students.yaml
2025-11-26 20:57:09,957 - Запис у файл: students.yaml
2025-11-26 20:57:09,958 - Читання файлу: students.yaml
2025-11-26 20:57:09,958 - Читання файлу: students.yaml
2025-11-26 20:57:09,967 - Запис результатів у result.yaml
2025-11-26 20:57:09,967 - Запис у файл: result.yaml
2025-11-26 20:57:09,967 - Запис у файл: result.yaml
2025-11-26 20:57:09,967 - --- Завершення програми ---
2025-11-26 21:18:06,861 - --- Запуск програми ---
2025-11-26 21:18:06,861 - Читання файлу: orm_config.yaml
2025-11-26 21:18:06,861 - Читання файлу: orm_config.yaml
2025-11-26 21:18:06,861 - Ініціалізація таблиці (файлу) для User
2025-11-26 21:18:06,865 - Читання файлу: students.yaml
2025-11-26 21:18:06,865 - Читання файлу: students.yaml
2025-11-26 21:18:06,866 - Запис у файл: students.yaml
2025-11-26 21:18:06,866 - Запис у файл: students.yaml
2025-11-26 21:18:06,867 - Читання файлу: students.yaml
2025-11-26 21:18:06,867 - Читання файлу: students.yaml
2025-11-26 21:18:06,878 - Запис у файл: students.yaml
2025-11-26 21:18:06,878 - Запис у файл: students.yaml
2025-11-26 21:18:06,879 - Читання файлу: students.yaml
2025-11-26 21:18:06,879 - Читання файлу: students.yaml
2025-11-26 21:18:06,889 - Запис у файл: students.yaml
2025-11-26 21:18:06,889 - Запис у файл: students.yaml
2025-11-26 21:18:06,890 - Читання файлу: students.yaml
2025-11-26 21:18:06,890 - Читання файлу: students.yaml
2025-11-26 21:18:06,900 - Запис у файл: students.yaml
2025-11-26 21:18:06,900 - Запис у файл: students.yaml
2025-11-26 21:18:06,901 - Читання файлу: students.yaml
2025-11-26 21:18:06,901 - Читання файлу: students.yaml
2025-11-26 21:18:06,912 - Запис у файл: students.yaml
2025-11-26 21:18:06,912 - Запис у файл: students.yaml
2025-11-26 21:18:06,913 - Читання файлу: students.yaml
2025-11-26 21:18:06,913 - Читання файлу: students.yaml
2025-11-26 21:18:06,923 - Запис результатів у result.yaml
2025-11-26 21:18:06,923 - Запис у файл: result.yaml
2025-11-26 21:18:06,923 - Запис у файл: result.yaml
2025-11-26 21:18:06,923 - --- Завершення програми ---
2025-11-26 21:20:29,290 - --- Запуск програми ---
2025-11-26 21:20:29,290 - Читання файлу: orm_config.yaml
2025-11-26 21:20:29,290 - Читання файлу: orm_config.yaml
2025-11-26 21:20:29,290 - Ініціалізація таблиці (файлу) для User
2025-11-26 21:20:29,294 - Читання файлу: students.yaml
2025-11-26 21:20:29,294 - Читання файлу: students.yaml
2025-11-26 21:20:29,294 - Запис у файл: students.yaml
2025-11-26 21:20:29,294 - Запис у файл: students.yaml
2025-11-26 21:20:29,295 - Читання файлу: students.yaml
2025-11-26 21:20:29,295 - Читання файлу: students.yaml
2025-11-26 21:20:29,306 - Запис у файл: students.yaml
2025-11-26 21:20:29,306 - Запис у файл: students.yaml
2025-11-26 21:20:29,307 - Читання файлу: students.yaml
2025-11-26 21:20:29,307 - Читання файлу: students.yaml
2025-11-26 21:20:29,316 - Запис у файл: students.yaml
2025-11-26 21:20:29,316 - Запис у файл: students.yaml
2025-11-26 21:20:29,317 - Читання файлу: students.yaml
2025-11-26 21:20:29,317 - Читання файлу: students.yaml
2025-11-26 21:20:29,326 - Запис у файл: students.yaml
2025-11-26 21:20:29,326 - Запис у файл: students.yaml
2025-11-26 21:20:29,327 - Читання файлу: students.yaml
2025-11-26 21:20:29,327 - Читання файлу: students.yaml
2025-11-26 21:20:29,336 - Запис у файл: students.yaml
2025-11-26 21:20:29,336 - Запис у файл: students.yaml
2025-11-26 21:20:29,336 - Читання файлу: students.yaml
2025-11-26 21:20:29,336 - Читання файлу: students.yaml
2025-11-26 21:20:29,346 - Запис результатів у result.yaml
2025-11-26 21:20:29,346 - Запис у файл: result.yaml
2025-11-26 21:20:29,347 - Запис у файл: result.yaml
2025-11-26 21:20:29,347 - --- Завершення програми ---
2025-11-26 21:21:59,627 - --- Запуск програми ---
2025-11-26 21:21:59,628 - Читання файлу: orm_config.yaml
2025-11-26 21:21:59,628 - Читання файлу: orm_config.yaml
2025-11-26 21:21:59,628 - Ініціалізація таблиці (файлу) для User
2025-11-26 21:21:59,632 - Читання файлу: students.yaml
2025-11-26 21:21:59,632 - Читання файлу: students.yaml
2025-11-26 21:21:59,633 - Запис у файл: students.yaml
2025-11-26 21:21:59,633 - Запис у файл: students.yaml
2025-11-26 21:21:59,634 - Читання файлу: students.yaml
2025-11-26 21:21:59,634 - Читання файлу: students.yaml
2025-11-26 21:21:59,645 - Запис у файл: students.yaml
2025-11-26 21:21:59,645 - Запис у файл: students.yaml
2025-11-26 21:21:59,646 - Читання файлу: students.yaml
2025-11-26 21:21:59,646 - Читання файлу: students.yaml
2025-11-26 21:21:59,657 - Запис у файл: students.yaml
2025-11-26 21:21:59,658 - Запис у файл: students.yaml
2025-11-26 21:21:59,659 - Читання файлу: students.yaml
2025-11-26 21:21:59,659 - Читання файлу: students.yaml
2025-11-26 21:21:59,669 - Запис у файл: students.yaml
2025-11-26 21:21:59,669 - Запис у файл: students.yaml
2025-11-26 21:21:59,670 - Читання файлу: students.yaml
2025-11-26 21:21:59,670 - Читання файлу: students.yaml
2025-11-26 21:21:59,680 - Запис у файл: students.yaml
2025-11-26 21:21:59,681 - Запис у файл: students.yaml
2025-11-26 21:21:59,681 - Читання файлу: students.yaml
2025-11-26 21:21:59,681 - Читання файлу: students.yaml
2025-11-26 21:21:59,694 - Запис результатів у result.yaml
2025-11-26 21:21:59,694 - Запис у файл: result.yaml
2025-11-26 21:21:59,694 - Запис у файл: result.yaml
2025-11-26 21:21:59,695 - --- Завершення програми ---
2025-11-26 21:53:20,472 - --- Запуск програми ---
2025-11-26 21:53:20,472 - Читання файлу: orm_config.yaml
2025-11-26 21:53:20,473 - Читання файлу: orm_config.yaml
2025-11-26 21:53:20,481 - Ініціалізація таблиці для User
2025-11-26 21:53:20,484 - Читання файлу: students.yaml
2025-11-26 21:53:20,485 - Читання файлу: students.yaml
2025-11-26 21:53:20,495 - Запис у файл: students.yaml
2025-11-26 21:53:20,495 - Запис у файл: students.yaml
2025-11-26 21:53:20,496 - Читання файлу: students.yaml
2025-11-26 21:53:20,496 - Читання файлу: students.yaml
2025-11-26 21:53:20,506 - Запис у файл: students.yaml
2025-11-26 21:53:20,506 - Запис у файл: students.yaml
2025-11-26 21:53:20,507 - Читання файлу: students.yaml
2025-11-26 21:53:20,507 - Читання файлу: students.yaml
2025-11-26 21:53:20,517 - Запис у файл: students.yaml
2025-11-26 21:53:20,517 - Запис у файл: students.yaml
2025-11-26 21:53:20,518 - Читання файлу: students.yaml
2025-11-26 21:53:20,518 - Читання файлу: students.yaml
2025-11-26 21:53:20,528 - Запис у файл: students.yaml
2025-11-26 21:53:20,528 - Запис у файл: students.yaml
2025-11-26 21:53:20,529 - Читання файлу: students.yaml
2025-11-26 21:53:20,529 - Читання файлу: students.yaml
2025-11-26 21:53:20,539 - Запис у файл: students.yaml
2025-11-26 21:53:20,539 - Запис у файл: students.yaml
2025-11-26 21:53:20,540 - Читання файлу: students.yaml
2025-11-26 21:53:20,540 - Читання файлу: students.yaml
2025-11-26 21:53:20,549 - Запис результатів у result.yaml
2025-11-26 21:53:20,549 - Запис у файл: result.yaml
2025-11-26 21:53:20,549 - Запис у файл: result.yaml
2025-11-26 21:53:20,550 - --- Завершення програми ---
